<?xml version="1.0" encoding="UTF-8"?>
<testsuite name="app.mhdthasneemp.mvvmbase.ExampleUnitTest" tests="1" skipped="0" failures="0" errors="0" timestamp="2018-07-07T18:14:57" hostname="admins-MacBook-Air.local" time="0.001">
  <properties/>
  <testcase name="addition_isCorrect" classname="app.mhdthasneemp.mvvmbase.ExampleUnitTest" time="0.001"/>
  <system-out><![CDATA[]]></system-out>
  <system-err><![CDATA[]]></system-err>
</testsuite>
